
=== PAGE 1 ===
INVOICE
Parcel
GLS Logistics Systems Canada Ltd
Box 11117 gls−canada.com
Station Centre-Ville
Montréal Quebec H3C 5H3
514-636-8666 GST
888-636-8666 831520374 RT 0001
Fax 514-636-4029
QST
1221161951 TQ 0001
MO DY YYYY
MICHAEL GAGNÉ 12 20 2024
13635180 CANADA INC. (DBA 21TSI) ACCOUNT NUMBER
3468 RUE DRUMMOND, BUREAU 1 606921
MONTREAL QUEBEC INVOICE NUMBER
H3G 1Y4 45102454
PAGE
1 / 61
AT GLS, WE DON’T JUST DELIVER FROM A TO B.
WE DELIVER FROM PERSON TO PERSON.
WAYBILL MO DY YYYY PIECES WEIGHT UNIT DESCRIPTION CHARGE AMOUNT TOTAL $
N28229191 12 19 2024 1 80.50 lb cubed base 15.50
pickup CHAMB L Y J 3L 4 N 7 weight 0.71
destination MO N TR E AL H4T 1W1 overweight (pc) 9.95
over 44 inches 9.95
carbon surchrg. 0.90
fuel 7.08
GST 2.20
QST 4.40 50.69
P48279383 12 17 2024 2 141.00 lb base 18.20
pickup MONTRE AL H4 T 1W1 weight 9.90
destination RIV I ERE BL E UE G0L 2B 0 overweight (pc) 9.95
over 36 inches 6.95
non−conveyable 6.95
carbon surchrg. 1.30
fuel 10.18
GST 3.17
QST 6.33 72.93
P48279394 12 17 2024 3 146.50 lb reweighed/cubed base 15.50
pickup MONTRE AL H4 T 1W1 weight 9.29
destination MO N TR A L H 2J 3W6 overweight (pc) 9.95
over 36 inches 6.95
non−conveyable 6.95
carbon surchrg. 1.22
fuel 9.53
GST 2.97
QST 5.92 68.28
P48279405 12 17 2024 2 141.00 lb base 16.85
pickup MONTRE AL H4 T 1W1 weight 9.24
destination TRO IS− R IVI R ES G8V 1S 6 overweight (pc) 9.95
over 36 inches 6.95
non−conveyable 6.95
carbon surchrg. 1.25
fuel 9.79
GST 3.05
QST 6.08 70.11
P48279416 12 17 2024 3 195.50 lb reweighed base 16.85
pickup MONTRE AL H4 T 1W1 weight 16.87
destination ST G EO RGE S G5Y 7E4 overweight (pc) 19.90
over 36 inches 13.90
carbon surchrg. 1.69
fuel 13.23
GST 4.12
QST 8.22 94.78
gls−canada.com
page 1 / 61

HEADER FOUND AT LINE 21: WAYBILL MO DY YYYY PIECES WEIGHT UNIT DESCRIPTION CHARGE AMOUNT TOTAL $

ROW 22: N28229191 12 19 2024 1 80.50 lb cubed base 15.50
Split columns: ['N28229191 12 19 2024 1 80.50 lb cubed base 15.50']
Waybill match: N28229191

ROW 23: pickup CHAMB L Y J 3L 4 N 7 weight 0.71
Split columns: ['pickup CHAMB L Y J 3L 4 N 7 weight 0.71']
Waybill match: FAILED

ROW 24: destination MO N TR E AL H4T 1W1 overweight (pc) 9.95
Split columns: ['destination MO N TR E AL H4T 1W1 overweight (pc) 9.95']
Waybill match: FAILED

ROW 25: over 44 inches 9.95
Split columns: ['over 44 inches 9.95']
Waybill match: FAILED

ROW 26: carbon surchrg. 0.90
Split columns: ['carbon surchrg. 0.90']
Waybill match: FAILED

ROW 27: fuel 7.08
Split columns: ['fuel 7.08']
Waybill match: FAILED

ROW 28: GST 2.20
Split columns: ['GST 2.20']
Waybill match: FAILED

ROW 29: QST 4.40 50.69
Split columns: ['QST 4.40 50.69']
Waybill match: FAILED

ROW 30: P48279383 12 17 2024 2 141.00 lb base 18.20
Split columns: ['P48279383 12 17 2024 2 141.00 lb base 18.20']
Waybill match: P48279383

ROW 31: pickup MONTRE AL H4 T 1W1 weight 9.90
Split columns: ['pickup MONTRE AL H4 T 1W1 weight 9.90']
Waybill match: FAILED

ROW 32: destination RIV I ERE BL E UE G0L 2B 0 overweight (pc) 9.95
Split columns: ['destination RIV I ERE BL E UE G0L 2B 0 overweight (pc) 9.95']
Waybill match: FAILED

ROW 33: over 36 inches 6.95
Split columns: ['over 36 inches 6.95']
Waybill match: FAILED

ROW 34: non−conveyable 6.95
Split columns: ['non−conveyable 6.95']
Waybill match: FAILED

ROW 35: carbon surchrg. 1.30
Split columns: ['carbon surchrg. 1.30']
Waybill match: FAILED

ROW 36: fuel 10.18
Split columns: ['fuel 10.18']
Waybill match: FAILED

ROW 37: GST 3.17
Split columns: ['GST 3.17']
Waybill match: FAILED

ROW 38: QST 6.33 72.93
Split columns: ['QST 6.33 72.93']
Waybill match: FAILED

ROW 39: P48279394 12 17 2024 3 146.50 lb reweighed/cubed base 15.50
Split columns: ['P48279394 12 17 2024 3 146.50 lb reweighed/cubed base 15.50']
Waybill match: P48279394

ROW 40: pickup MONTRE AL H4 T 1W1 weight 9.29
Split columns: ['pickup MONTRE AL H4 T 1W1 weight 9.29']
Waybill match: FAILED

ROW 41: destination MO N TR A L H 2J 3W6 overweight (pc) 9.95
Split columns: ['destination MO N TR A L H 2J 3W6 overweight (pc) 9.95']
Waybill match: FAILED

ROW 42: over 36 inches 6.95
Split columns: ['over 36 inches 6.95']
Waybill match: FAILED

ROW 43: non−conveyable 6.95
Split columns: ['non−conveyable 6.95']
Waybill match: FAILED

ROW 44: carbon surchrg. 1.22
Split columns: ['carbon surchrg. 1.22']
Waybill match: FAILED

ROW 45: fuel 9.53
Split columns: ['fuel 9.53']
Waybill match: FAILED

ROW 46: GST 2.97
Split columns: ['GST 2.97']
Waybill match: FAILED

ROW 47: QST 5.92 68.28
Split columns: ['QST 5.92 68.28']
Waybill match: FAILED

ROW 48: P48279405 12 17 2024 2 141.00 lb base 16.85
Split columns: ['P48279405 12 17 2024 2 141.00 lb base 16.85']
Waybill match: P48279405

ROW 49: pickup MONTRE AL H4 T 1W1 weight 9.24
Split columns: ['pickup MONTRE AL H4 T 1W1 weight 9.24']
Waybill match: FAILED

ROW 50: destination TRO IS− R IVI R ES G8V 1S 6 overweight (pc) 9.95
Split columns: ['destination TRO IS− R IVI R ES G8V 1S 6 overweight (pc) 9.95']
Waybill match: FAILED

ROW 51: over 36 inches 6.95
Split columns: ['over 36 inches 6.95']
Waybill match: FAILED

ROW 52: non−conveyable 6.95
Split columns: ['non−conveyable 6.95']
Waybill match: FAILED

ROW 53: carbon surchrg. 1.25
Split columns: ['carbon surchrg. 1.25']
Waybill match: FAILED

ROW 54: fuel 9.79
Split columns: ['fuel 9.79']
Waybill match: FAILED

ROW 55: GST 3.05
Split columns: ['GST 3.05']
Waybill match: FAILED

ROW 56: QST 6.08 70.11
Split columns: ['QST 6.08 70.11']
Waybill match: FAILED

ROW 57: P48279416 12 17 2024 3 195.50 lb reweighed base 16.85
Split columns: ['P48279416 12 17 2024 3 195.50 lb reweighed base 16.85']
Waybill match: P48279416

ROW 58: pickup MONTRE AL H4 T 1W1 weight 16.87
Split columns: ['pickup MONTRE AL H4 T 1W1 weight 16.87']
Waybill match: FAILED

ROW 59: destination ST G EO RGE S G5Y 7E4 overweight (pc) 19.90
Split columns: ['destination ST G EO RGE S G5Y 7E4 overweight (pc) 19.90']
Waybill match: FAILED

ROW 60: over 36 inches 13.90
Split columns: ['over 36 inches 13.90']
Waybill match: FAILED

ROW 61: carbon surchrg. 1.69
Split columns: ['carbon surchrg. 1.69']
Waybill match: FAILED

ROW 62: fuel 13.23
Split columns: ['fuel 13.23']
Waybill match: FAILED

ROW 63: GST 4.12
Split columns: ['GST 4.12']
Waybill match: FAILED

ROW 64: QST 8.22 94.78
Split columns: ['QST 8.22 94.78']
Waybill match: FAILED

ROW 65: gls−canada.com
Split columns: ['gls−canada.com']
Waybill match: FAILED

ROW 66: page 1 / 61
Split columns: ['page 1 / 61']
Waybill match: FAILED
